2026-02-17 02:19:38,053 - DEBUG - Starting new HTTPS connection (1): api.slingacademy.com:443
2026-02-17 02:19:38,303 - DEBUG - https://api.slingacademy.com:443 "GET /v1/sample-data/files/customers.json HTTP/1.1" 200 None
2026-02-17 02:19:41,377 - INFO - Data fetched successfully
2026-02-17 02:19:41,377 - INFO - Data fetched successfully
2026-02-17 02:19:41,393 - INFO - Data written to customers.csv successfully
2026-02-17 02:19:41,393 - INFO - Data extraction completed successfully
2026-02-17 02:19:41,408 - INFO - Data 15 records extracted
2026-02-17 02:19:41,439 - INFO - Data transformed successfully
2026-02-17 02:19:41,455 - INFO - Transformed data written to customers_transformed.csv successfully
2026-02-17 02:19:41,455 - DEBUG - Data transformation completed successfully
2026-02-17 02:19:41,455 - INFO - Data transformed with 27 records
2026-02-17 02:19:41,455 - DEBUG - Row: .
2026-02-17 02:19:41,455 - DEBUG - Row: /
2026-02-17 02:19:41,455 - DEBUG - Row: c
2026-02-17 02:19:41,455 - DEBUG - Row: u
2026-02-17 02:19:41,455 - DEBUG - Row: s
2026-02-17 02:19:41,455 - DEBUG - Row: t
2026-02-17 02:19:41,455 - DEBUG - Row: o
2026-02-17 02:19:41,455 - DEBUG - Row: m
2026-02-17 02:19:41,455 - DEBUG - Row: e
2026-02-17 02:19:41,455 - DEBUG - Row: r
2026-02-17 02:19:41,455 - DEBUG - Row: s
2026-02-17 02:19:41,455 - DEBUG - Row: _
2026-02-17 02:19:41,455 - DEBUG - Row: t
2026-02-17 02:19:41,455 - DEBUG - Row: r
2026-02-17 02:19:41,455 - DEBUG - Row: a
2026-02-17 02:19:41,455 - DEBUG - Row: n
2026-02-17 02:19:41,455 - DEBUG - Row: s
2026-02-17 02:19:41,455 - DEBUG - Row: f
2026-02-17 02:19:41,455 - DEBUG - Row: o
2026-02-17 02:19:41,455 - DEBUG - Row: r
2026-02-17 02:19:41,455 - DEBUG - Row: m
2026-02-17 02:19:41,455 - DEBUG - Row: e
2026-02-17 02:19:41,455 - DEBUG - Row: d
2026-02-17 02:19:41,455 - DEBUG - Row: .
2026-02-17 02:19:41,455 - DEBUG - Row: c
2026-02-17 02:19:41,455 - DEBUG - Row: s
2026-02-17 02:19:41,455 - DEBUG - Row: v
2026-02-17 02:19:41,455 - DEBUG - Changing event name from creating-client-class.iot-data to creating-client-class.iot-data-plane
2026-02-17 02:19:41,455 - DEBUG - Changing event name from before-call.apigateway to before-call.api-gateway
2026-02-17 02:19:41,455 - DEBUG - Changing event name from request-created.machinelearning.Predict to request-created.machine-learning.Predict
2026-02-17 02:19:41,455 - DEBUG - Changing event name from before-parameter-build.autoscaling.CreateLaunchConfiguration to before-parameter-build.auto-scaling.CreateLaunchConfiguration
2026-02-17 02:19:41,455 - DEBUG - Changing event name from before-parameter-build.route53 to before-parameter-build.route-53
2026-02-17 02:19:41,455 - DEBUG - Changing event name from request-created.cloudsearchdomain.Search to request-created.cloudsearch-domain.Search
2026-02-17 02:19:41,455 - DEBUG - Changing event name from docs.*.autoscaling.CreateLaunchConfiguration.complete-section to docs.*.auto-scaling.CreateLaunchConfiguration.complete-section
2026-02-17 02:19:41,455 - DEBUG - Changing event name from before-parameter-build.logs.CreateExportTask to before-parameter-build.cloudwatch-logs.CreateExportTask
2026-02-17 02:19:41,455 - DEBUG - Changing event name from docs.*.logs.CreateExportTask.complete-section to docs.*.cloudwatch-logs.CreateExportTask.complete-section
2026-02-17 02:19:41,455 - DEBUG - Changing event name from before-parameter-build.cloudsearchdomain.Search to before-parameter-build.cloudsearch-domain.Search
2026-02-17 02:19:41,455 - DEBUG - Changing event name from docs.*.cloudsearchdomain.Search.complete-section to docs.*.cloudsearch-domain.Search.complete-section
2026-02-17 02:19:41,508 - DEBUG - IMDS ENDPOINT: http://169.254.169.254/
2026-02-17 02:19:41,508 - DEBUG - Looking for credentials via: env
2026-02-17 02:19:41,508 - DEBUG - Looking for credentials via: assume-role
2026-02-17 02:19:41,508 - DEBUG - Looking for credentials via: assume-role-with-web-identity
2026-02-17 02:19:41,508 - DEBUG - Looking for credentials via: sso
2026-02-17 02:19:41,508 - DEBUG - Looking for credentials via: shared-credentials-file
2026-02-17 02:19:41,508 - INFO - Found credentials in shared credentials file: ~/.aws/credentials
2026-02-17 02:19:41,508 - DEBUG - Loading JSON file: C:\Python312\Lib\site-packages\botocore\data\endpoints.json
2026-02-17 02:19:41,524 - DEBUG - Loading JSON file: C:\Python312\Lib\site-packages\botocore\data\sdk-default-configuration.json
2026-02-17 02:19:41,524 - DEBUG - Event choose-service-name: calling handler <function handle_service_name_alias at 0x000001A592642DE0>
2026-02-17 02:19:41,593 - DEBUG - Loading JSON file: C:\Python312\Lib\site-packages\botocore\data\s3\2006-03-01\service-2.json.gz
2026-02-17 02:19:41,609 - DEBUG - Loading JSON file: C:\Python312\Lib\site-packages\botocore\data\s3\2006-03-01\service-2.sdk-extras.json
2026-02-17 02:19:41,680 - DEBUG - Loading JSON file: C:\Python312\Lib\site-packages\botocore\data\s3\2006-03-01\endpoint-rule-set-1.json.gz
2026-02-17 02:19:41,680 - DEBUG - Loading JSON file: C:\Python312\Lib\site-packages\botocore\data\partitions.json
2026-02-17 02:19:41,680 - DEBUG - Event creating-client-class.s3: calling handler <function add_generate_presigned_post at 0x000001A5925C2520>
2026-02-17 02:19:41,680 - DEBUG - Event creating-client-class.s3: calling handler <function lazy_call.<locals>._handler at 0x000001A592703BA0>
2026-02-17 02:19:41,690 - DEBUG - Event creating-client-class.s3: calling handler <function add_generate_presigned_url at 0x000001A5925C22A0>
2026-02-17 02:19:41,690 - DEBUG - Looking for endpoint for s3 via: environment_service
2026-02-17 02:19:41,690 - DEBUG - Looking for endpoint for s3 via: environment_global
2026-02-17 02:19:41,690 - DEBUG - Looking for endpoint for s3 via: config_service
2026-02-17 02:19:41,690 - DEBUG - Looking for endpoint for s3 via: config_global
2026-02-17 02:19:41,690 - DEBUG - No configured endpoint found.
2026-02-17 02:19:41,690 - DEBUG - Setting s3 timeout as (60, 60)
2026-02-17 02:19:41,690 - DEBUG - Loading JSON file: C:\Python312\Lib\site-packages\botocore\data\_retry.json
2026-02-17 02:19:41,690 - DEBUG - Registering retry handlers for service: s3
2026-02-17 02:19:41,690 - DEBUG - Registering S3 region redirector handler
2026-02-17 02:19:41,690 - DEBUG - Registering S3Express Identity Resolver
2026-02-17 02:19:41,690 - DEBUG - Event before-parameter-build.s3.PutObject: calling handler <function validate_ascii_metadata at 0x000001A59265EDE0>
2026-02-17 02:19:41,690 - DEBUG - Event before-parameter-build.s3.PutObject: calling handler <function sse_md5 at 0x000001A59265E0C0>
2026-02-17 02:19:41,690 - DEBUG - Event before-parameter-build.s3.PutObject: calling handler <function convert_body_to_file_like_object at 0x000001A59265F7E0>
2026-02-17 02:19:41,690 - DEBUG - Event before-parameter-build.s3.PutObject: calling handler <function validate_bucket_name at 0x000001A59265E020>
2026-02-17 02:19:41,690 - DEBUG - Event before-parameter-build.s3.PutObject: calling handler <function remove_bucket_from_url_paths_from_model at 0x000001A59267C360>
2026-02-17 02:19:41,690 - DEBUG - Event before-parameter-build.s3.PutObject: calling handler <bound method S3RegionRedirectorv2.annotate_request_context of <botocore.utils.S3RegionRedirectorv2 object at 0x000001A5932B8980>>
2026-02-17 02:19:41,690 - DEBUG - Event before-parameter-build.s3.PutObject: calling handler <bound method ClientCreator._inject_s3_input_parameters of <botocore.client.ClientCreator object at 0x000001A592748CE0>>
2026-02-17 02:19:41,690 - DEBUG - Event before-parameter-build.s3.PutObject: calling handler <function generate_idempotent_uuid at 0x000001A59265DE40>
2026-02-17 02:19:41,690 - DEBUG - Event before-parameter-build.s3.PutObject: calling handler <function _handle_request_validation_mode_member at 0x000001A59267CA40>
2026-02-17 02:19:41,690 - DEBUG - Event before-endpoint-resolution.s3: calling handler <function customize_endpoint_resolver_builtins at 0x000001A59267C540>
2026-02-17 02:19:41,690 - DEBUG - Event before-endpoint-resolution.s3: calling handler <bound method S3RegionRedirectorv2.redirect_from_cache of <botocore.utils.S3RegionRedirectorv2 object at 0x000001A5932B8980>>
2026-02-17 02:19:41,690 - DEBUG - Calling endpoint provider with parameters: {'Bucket': 'ganesh-data-buckets3', 'Region': 'ap-south-1', 'UseFIPS': False, 'UseDualStack': False, 'ForcePathStyle': False, 'Accelerate': False, 'UseGlobalEndpoint': False, 'Key': 'processed/customers_final.csv', 'DisableMultiRegionAccessPoints': False, 'UseArnRegion': True}
2026-02-17 02:19:41,690 - DEBUG - Endpoint provider result: https://ganesh-data-buckets3.s3.ap-south-1.amazonaws.com
2026-02-17 02:19:41,690 - DEBUG - Selecting from endpoint provider's list of auth schemes: "sigv4". User selected auth scheme is: "None"
2026-02-17 02:19:41,690 - DEBUG - Selected auth type "v4" as "v4" with signing context params: {'region': 'ap-south-1', 'signing_name': 's3', 'disableDoubleEncoding': True}
2026-02-17 02:19:41,698 - DEBUG - Event before-call.s3.PutObject: calling handler <function add_expect_header at 0x000001A59265E3E0>
2026-02-17 02:19:41,698 - DEBUG - Adding expect 100 continue header to request.
2026-02-17 02:19:41,698 - DEBUG - Event before-call.s3.PutObject: calling handler <bound method S3ExpressIdentityResolver.apply_signing_cache_key of <botocore.utils.S3ExpressIdentityResolver object at 0x000001A5932B9820>>
2026-02-17 02:19:41,698 - DEBUG - Event before-call.s3.PutObject: calling handler <function add_recursion_detection_header at 0x000001A59265CCC0>
2026-02-17 02:19:41,698 - DEBUG - Event before-call.s3.PutObject: calling handler <function inject_api_version_header_if_needed at 0x000001A59265F920>
2026-02-17 02:19:41,698 - DEBUG - Making request for OperationModel(name=PutObject) with params: {'url_path': '/processed/customers_final.csv', 'query_string': {}, 'method': 'PUT', 'headers': {'User-Agent': 'Boto3/1.42.49 md/Botocore#1.42.49 ua/2.1 os/windows#10 md/arch#amd64 lang/python#3.12.6 md/pyimpl#CPython m/b,n,Z,D cfg/retry-mode#legacy Botocore/1.42.49', 'Expect': '100-continue', 'Transfer-Encoding': 'chunked', 'Content-Encoding': 'aws-chunked', 'X-Amz-Trailer': 'x-amz-checksum-crc32', 'X-Amz-Decoded-Content-Length': '81', 'x-amz-sdk-checksum-algorithm': 'CRC32'}, 'body': <botocore.httpchecksum.AwsChunkedWrapper object at 0x000001A5932BA150>, 'auth_path': '/ganesh-data-buckets3/processed/customers_final.csv', 'url': 'https://ganesh-data-buckets3.s3.ap-south-1.amazonaws.com/processed/customers_final.csv', 'context': {'client_region': 'ap-south-1', 'client_config': <botocore.config.Config object at 0x000001A591A91F40>, 'has_streaming_input': True, 'auth_type': 'v4', 'unsigned_payload': None, 'auth_options': ['aws.auth#sigv4'], 's3_redirect': {'redirected': False, 'bucket': 'ganesh-data-buckets3', 'params': {'Bucket': 'ganesh-data-buckets3', 'Key': 'processed/customers_final.csv', 'Body': <_io.BytesIO object at 0x000001A5932825C0>}}, 'input_params': {'Bucket': 'ganesh-data-buckets3', 'Key': 'processed/customers_final.csv'}, 'signing': {'region': 'ap-south-1', 'signing_name': 's3', 'disableDoubleEncoding': True}, 'endpoint_properties': {'authSchemes': [{'disableDoubleEncoding': True, 'name': 'sigv4', 'signingName': 's3', 'signingRegion': 'ap-south-1'}]}, 'checksum': {'request_algorithm_header': {'name': 'x-amz-sdk-checksum-algorithm', 'value': 'CRC32'}, 'request_algorithm': {'algorithm': 'crc32', 'in': 'trailer', 'name': 'x-amz-checksum-crc32'}}}}
2026-02-17 02:19:41,698 - DEBUG - Event request-created.s3.PutObject: calling handler <bound method RequestSigner.handler of <botocore.signers.RequestSigner object at 0x000001A591EE0B60>>
2026-02-17 02:19:41,698 - DEBUG - Event choose-signer.s3.PutObject: calling handler <function set_operation_specific_signer at 0x000001A59265DBC0>
2026-02-17 02:19:41,698 - DEBUG - Event before-sign.s3.PutObject: calling handler <function remove_arn_from_signing_path at 0x000001A59267C4A0>
2026-02-17 02:19:41,698 - DEBUG - Event before-sign.s3.PutObject: calling handler <function _set_extra_headers_for_unsigned_request at 0x000001A59267CAE0>
2026-02-17 02:19:41,698 - DEBUG - Event before-sign.s3.PutObject: calling handler <bound method S3ExpressIdentityResolver.resolve_s3express_identity of <botocore.utils.S3ExpressIdentityResolver object at 0x000001A5932B9820>>
2026-02-17 02:19:41,698 - DEBUG - Calculating signature using v4 auth.
2026-02-17 02:19:41,698 - DEBUG - CanonicalRequest:
PUT
/processed/customers_final.csv

content-encoding:aws-chunked
host:ganesh-data-buckets3.s3.ap-south-1.amazonaws.com
x-amz-content-sha256:STREAMING-UNSIGNED-PAYLOAD-TRAILER
x-amz-date:20260216T204941Z
x-amz-decoded-content-length:81
x-amz-sdk-checksum-algorithm:CRC32
x-amz-trailer:x-amz-checksum-crc32

content-encoding;host;x-amz-content-sha256;x-amz-date;x-amz-decoded-content-length;x-amz-sdk-checksum-algorithm;x-amz-trailer
STREAMING-UNSIGNED-PAYLOAD-TRAILER
2026-02-17 02:19:41,698 - DEBUG - StringToSign:
AWS4-HMAC-SHA256
20260216T204941Z
20260216/ap-south-1/s3/aws4_request
43daf5b081415bff3a6f06cfc6602ab8b06ca8158bf466857b15afb0a50acc30
2026-02-17 02:19:41,698 - DEBUG - Signature:
ff5acbf6fdc9d5b7533f0a4057966a8ba9b70560e7b5413dd7106a4b6515c089
2026-02-17 02:19:41,698 - DEBUG - Event request-created.s3.PutObject: calling handler <bound method UserAgentString.rebuild_and_replace_user_agent_handler of <botocore.useragent.UserAgentString object at 0x000001A5932B9280>>
2026-02-17 02:19:41,698 - DEBUG - Event request-created.s3.PutObject: calling handler <function add_retry_headers at 0x000001A59267C2C0>
2026-02-17 02:19:41,698 - DEBUG - Sending http request: <AWSPreparedRequest stream_output=False, method=PUT, url=https://ganesh-data-buckets3.s3.ap-south-1.amazonaws.com/processed/customers_final.csv, headers={'User-Agent': b'Boto3/1.42.49 md/Botocore#1.42.49 ua/2.1 os/windows#10 md/arch#amd64 lang/python#3.12.6 md/pyimpl#CPython m/Z,U,b,n,D cfg/retry-mode#legacy Botocore/1.42.49', 'Expect': b'100-continue', 'Transfer-Encoding': b'chunked', 'Content-Encoding': b'aws-chunked', 'X-Amz-Trailer': b'x-amz-checksum-crc32', 'X-Amz-Decoded-Content-Length': b'81', 'x-amz-sdk-checksum-algorithm': b'CRC32', 'X-Amz-Date': b'20260216T204941Z', 'X-Amz-Content-SHA256': b'STREAMING-UNSIGNED-PAYLOAD-TRAILER', 'Authorization': b'AWS4-HMAC-SHA256 Credential=AKIA5C2QMKKMY4UA6GFR/20260216/ap-south-1/s3/aws4_request, SignedHeaders=content-encoding;host;x-amz-content-sha256;x-amz-date;x-amz-decoded-content-length;x-amz-sdk-checksum-algorithm;x-amz-trailer, Signature=ff5acbf6fdc9d5b7533f0a4057966a8ba9b70560e7b5413dd7106a4b6515c089', 'amz-sdk-invocation-id': b'40307f82-3d1d-48c1-bfb3-4b4c67e1ba0d', 'amz-sdk-request': b'attempt=1'}>
2026-02-17 02:19:41,700 - DEBUG - Certificate path: C:\Python312\Lib\site-packages\certifi\cacert.pem
2026-02-17 02:19:41,709 - DEBUG - Starting new HTTPS connection (1): ganesh-data-buckets3.s3.ap-south-1.amazonaws.com:443
2026-02-17 02:19:42,316 - DEBUG - Waiting for 100 Continue response.
2026-02-17 02:19:42,370 - DEBUG - Received a non 100 Continue response from the server, NOT sending request body.
2026-02-17 02:19:42,370 - DEBUG - send() called, but response already received. Not sending data.
2026-02-17 02:19:42,370 - DEBUG - https://ganesh-data-buckets3.s3.ap-south-1.amazonaws.com:443 "PUT /processed/customers_final.csv HTTP/1.1" 400 None
2026-02-17 02:19:42,370 - DEBUG - Event before-parse.s3.PutObject: calling handler <function _handle_200_error at 0x000001A59267C860>
2026-02-17 02:19:42,370 - DEBUG - Event before-parse.s3.PutObject: calling handler <function handle_expires_header at 0x000001A59267C680>
2026-02-17 02:19:42,370 - DEBUG - Response headers: {'x-amz-bucket-region': 'ap-south-2', 'x-amz-request-id': 'YTERMER1RVE3JSVS', 'x-amz-id-2': 'qhkwERwoh0iQDIGb/4I0tNuCyjbOG+3NkAAyVvposRsWlCgJHzZsF/zWZiQq93FUnJfHCuWuPZsANhgNBZu2V2dJJKtFjqRc', 'Content-Type': 'application/xml', 'Transfer-Encoding': 'chunked', 'Date': 'Mon, 16 Feb 2026 20:49:41 GMT', 'Connection': 'close', 'Server': 'AmazonS3'}
2026-02-17 02:19:42,370 - DEBUG - Response body:
b'<?xml version="1.0" encoding="UTF-8"?>\n<Error><Code>IllegalLocationConstraintException</Code><Message>The ap-south-2 location constraint is incompatible for the region specific endpoint this request was sent to.</Message><RequestId>YTERMER1RVE3JSVS</RequestId><HostId>qhkwERwoh0iQDIGb/4I0tNuCyjbOG+3NkAAyVvposRsWlCgJHzZsF/zWZiQq93FUnJfHCuWuPZsANhgNBZu2V2dJJKtFjqRc</HostId></Error>'
2026-02-17 02:19:42,370 - DEBUG - Event needs-retry.s3.PutObject: calling handler <function _update_status_code at 0x000001A59267C9A0>
2026-02-17 02:19:42,370 - DEBUG - Event needs-retry.s3.PutObject: calling handler <botocore.retryhandler.RetryHandler object at 0x000001A591B7A3F0>
2026-02-17 02:19:42,370 - DEBUG - No retry needed.
2026-02-17 02:19:42,370 - DEBUG - Event needs-retry.s3.PutObject: calling handler <bound method S3RegionRedirectorv2.redirect_from_error of <botocore.utils.S3RegionRedirectorv2 object at 0x000001A5932B8980>>
2026-02-17 02:19:42,370 - DEBUG - S3 client configured for region ap-south-1 but the bucket ganesh-data-buckets3 is in region ap-south-2; Please configure the proper region to avoid multiple unnecessary redirects and signing attempts.
2026-02-17 02:19:42,370 - DEBUG - Event before-endpoint-resolution.s3: calling handler <function customize_endpoint_resolver_builtins at 0x000001A59267C540>
2026-02-17 02:19:42,370 - DEBUG - Event before-endpoint-resolution.s3: calling handler <bound method S3RegionRedirectorv2.redirect_from_cache of <botocore.utils.S3RegionRedirectorv2 object at 0x000001A5932B8980>>
2026-02-17 02:19:42,370 - DEBUG - Calling endpoint provider with parameters: {'Bucket': 'ganesh-data-buckets3', 'Region': 'ap-south-2', 'UseFIPS': False, 'UseDualStack': False, 'ForcePathStyle': False, 'Accelerate': False, 'UseGlobalEndpoint': False, 'Key': 'processed/customers_final.csv', 'DisableMultiRegionAccessPoints': False, 'UseArnRegion': True}
2026-02-17 02:19:42,385 - DEBUG - Endpoint provider result: https://ganesh-data-buckets3.s3.ap-south-2.amazonaws.com
2026-02-17 02:19:42,385 - DEBUG - Updating URI from https://ganesh-data-buckets3.s3.ap-south-1.amazonaws.com/processed/customers_final.csv to https://ganesh-data-buckets3.s3.ap-south-2.amazonaws.com/processed/customers_final.csv
2026-02-17 02:19:42,385 - DEBUG - Selecting from endpoint provider's list of auth schemes: "sigv4". User selected auth scheme is: "None"
2026-02-17 02:19:42,385 - DEBUG - Selected auth type "v4" as "v4" with signing context params: {'region': 'ap-south-2', 'signing_name': 's3', 'disableDoubleEncoding': True}
2026-02-17 02:19:42,385 - DEBUG - Response received to retry, sleeping for 0 seconds
2026-02-17 02:19:42,385 - DEBUG - Rewinding stream: <botocore.httpchecksum.AwsChunkedWrapper object at 0x000001A5932BA150>
2026-02-17 02:19:42,385 - DEBUG - Event request-created.s3.PutObject: calling handler <bound method RequestSigner.handler of <botocore.signers.RequestSigner object at 0x000001A591EE0B60>>
2026-02-17 02:19:42,385 - DEBUG - Event choose-signer.s3.PutObject: calling handler <function set_operation_specific_signer at 0x000001A59265DBC0>
2026-02-17 02:19:42,385 - DEBUG - Event before-sign.s3.PutObject: calling handler <function remove_arn_from_signing_path at 0x000001A59267C4A0>
2026-02-17 02:19:42,385 - DEBUG - Event before-sign.s3.PutObject: calling handler <function _set_extra_headers_for_unsigned_request at 0x000001A59267CAE0>
2026-02-17 02:19:42,385 - DEBUG - Event before-sign.s3.PutObject: calling handler <bound method S3ExpressIdentityResolver.resolve_s3express_identity of <botocore.utils.S3ExpressIdentityResolver object at 0x000001A5932B9820>>
2026-02-17 02:19:42,385 - DEBUG - Calculating signature using v4 auth.
2026-02-17 02:19:42,385 - DEBUG - CanonicalRequest:
PUT
/processed/customers_final.csv

content-encoding:aws-chunked
host:ganesh-data-buckets3.s3.ap-south-2.amazonaws.com
x-amz-content-sha256:STREAMING-UNSIGNED-PAYLOAD-TRAILER
x-amz-date:20260216T204942Z
x-amz-decoded-content-length:81
x-amz-sdk-checksum-algorithm:CRC32
x-amz-trailer:x-amz-checksum-crc32

content-encoding;host;x-amz-content-sha256;x-amz-date;x-amz-decoded-content-length;x-amz-sdk-checksum-algorithm;x-amz-trailer
STREAMING-UNSIGNED-PAYLOAD-TRAILER
2026-02-17 02:19:42,385 - DEBUG - StringToSign:
AWS4-HMAC-SHA256
20260216T204942Z
20260216/ap-south-2/s3/aws4_request
dffe9ba6e0ba055840ef5564b846a6d96290d81c5334af8c28b7614423331bfc
2026-02-17 02:19:42,385 - DEBUG - Signature:
f3bab91748e78e16e995c2cc254f5a76e90c71f8fc9b839875f53b71b04d5dd6
2026-02-17 02:19:42,385 - DEBUG - Event request-created.s3.PutObject: calling handler <bound method UserAgentString.rebuild_and_replace_user_agent_handler of <botocore.useragent.UserAgentString object at 0x000001A5932B9280>>
2026-02-17 02:19:42,385 - DEBUG - Event request-created.s3.PutObject: calling handler <function add_retry_headers at 0x000001A59267C2C0>
2026-02-17 02:19:42,385 - DEBUG - Sending http request: <AWSPreparedRequest stream_output=False, method=PUT, url=https://ganesh-data-buckets3.s3.ap-south-2.amazonaws.com/processed/customers_final.csv, headers={'User-Agent': b'Boto3/1.42.49 md/Botocore#1.42.49 ua/2.1 os/windows#10 md/arch#amd64 lang/python#3.12.6 md/pyimpl#CPython m/Z,U,b,n,D cfg/retry-mode#legacy Botocore/1.42.49', 'Expect': b'100-continue', 'Transfer-Encoding': b'chunked', 'Content-Encoding': b'aws-chunked', 'X-Amz-Trailer': b'x-amz-checksum-crc32', 'X-Amz-Decoded-Content-Length': b'81', 'x-amz-sdk-checksum-algorithm': b'CRC32', 'X-Amz-Date': b'20260216T204942Z', 'X-Amz-Content-SHA256': b'STREAMING-UNSIGNED-PAYLOAD-TRAILER', 'Authorization': b'AWS4-HMAC-SHA256 Credential=AKIA5C2QMKKMY4UA6GFR/20260216/ap-south-2/s3/aws4_request, SignedHeaders=content-encoding;host;x-amz-content-sha256;x-amz-date;x-amz-decoded-content-length;x-amz-sdk-checksum-algorithm;x-amz-trailer, Signature=f3bab91748e78e16e995c2cc254f5a76e90c71f8fc9b839875f53b71b04d5dd6', 'amz-sdk-invocation-id': b'40307f82-3d1d-48c1-bfb3-4b4c67e1ba0d', 'amz-sdk-request': b'ttl=20260216T205041Z; attempt=2; max=5'}>
2026-02-17 02:19:42,385 - DEBUG - Certificate path: C:\Python312\Lib\site-packages\certifi\cacert.pem
2026-02-17 02:19:42,385 - DEBUG - Starting new HTTPS connection (1): ganesh-data-buckets3.s3.ap-south-2.amazonaws.com:443
2026-02-17 02:19:42,984 - DEBUG - Waiting for 100 Continue response.
2026-02-17 02:19:43,057 - DEBUG - 100 Continue response seen, now sending request body.
2026-02-17 02:19:43,110 - DEBUG - https://ganesh-data-buckets3.s3.ap-south-2.amazonaws.com:443 "PUT /processed/customers_final.csv HTTP/1.1" 200 0
2026-02-17 02:19:43,110 - DEBUG - Event before-parse.s3.PutObject: calling handler <function _handle_200_error at 0x000001A59267C860>
2026-02-17 02:19:43,110 - DEBUG - Event before-parse.s3.PutObject: calling handler <function handle_expires_header at 0x000001A59267C680>
2026-02-17 02:19:43,110 - DEBUG - Response headers: {'x-amz-id-2': 'DXqj7AZYAkODJ/MwoRmzR5ifXX3UnwaueZwMmD2tIWNg0jTh7s+gUhFP18P04ttQec/QLG3rdn+ZBSNkjXrsVNv/r+F3OvAf', 'x-amz-request-id': '9AYDWE46PVE98V0W', 'Date': 'Mon, 16 Feb 2026 20:49:44 GMT', 'x-amz-server-side-encryption': 'AES256', 'ETag': '"9be7996aae8799952152590d89ecb48b"', 'x-amz-checksum-crc32': 'ZWl6+Q==', 'x-amz-checksum-type': 'FULL_OBJECT', 'Content-Length': '0', 'Server': 'AmazonS3'}
2026-02-17 02:19:43,110 - DEBUG - Response body:
b''
2026-02-17 02:19:43,110 - DEBUG - Event needs-retry.s3.PutObject: calling handler <function _update_status_code at 0x000001A59267C9A0>
2026-02-17 02:19:43,110 - DEBUG - Event needs-retry.s3.PutObject: calling handler <botocore.retryhandler.RetryHandler object at 0x000001A591B7A3F0>
2026-02-17 02:19:43,110 - DEBUG - No retry needed.
2026-02-17 02:19:43,120 - DEBUG - Event needs-retry.s3.PutObject: calling handler <bound method S3RegionRedirectorv2.redirect_from_error of <botocore.utils.S3RegionRedirectorv2 object at 0x000001A5932B8980>>
2026-02-17 02:19:43,120 - DEBUG - S3 request was previously redirected, not redirecting.
2026-02-17 02:19:43,120 - INFO - Data uploaded to s3://ganesh-data-buckets3/processed/customers_final.csv
2026-02-17 02:19:43,122 - INFO - Data loading completed successfully
